#
# A fatal error has been detected by the Java Runtime Environment:
#
#  EXCEPTION_ACCESS_VIOLATION (0xc0000005) at pc=0x00000000755beb79, pid=23092, tid=28956
#
# JRE version: Java(TM) SE Runtime Environment (10.0+46) (build 10+46)
# Java VM: Java HotSpot(TM) 64-Bit Server VM (10+46, mixed mode, tiered, compressed oops, g1 gc, windows-amd64)
# Problematic frame:
# V  [jvm.dll+0x22eb79]
#
# No core dump will be written. Minidumps are not enabled by default on client versions of Windows
#
# If you would like to submit a bug report, please visit:
#   http://bugreport.java.com/bugreport/crash.jsp
#

---------------  S U M M A R Y ------------

Command Line: -agentlib:jdwp=transport=dt_socket,address=127.0.0.1:63686,suspend=y,server=n -javaagent:C:\Users\emanu\.IdeaIC2018.1\system\captureAgent\debugger-agent.jar=file:/C:/Users/emanu/AppData/Local/Temp/capture.props -Dfile.encoding=UTF-8 main

Host: Intel(R) Core(TM) i7-7500U CPU @ 2.70GHz, 4 cores, 7G,  Windows 10 , 64 bit Build 17134 (10.0.17134.1)
Time: Tue Dec 11 17:05:23 2018 Mitteleuropäische Zeit elapsed time: 518 seconds (0d 0h 8m 38s)

---------------  T H R E A D  ---------------

Current thread (0x00000187b6de6000):  VMThread "VM Thread" [stack: 0x0000003a62c00000,0x0000003a62d00000] [id=28956]

Stack: [0x0000003a62c00000,0x0000003a62d00000],  sp=0x0000003a62cfeff8,  free space=1019k
Native frames: (J=compiled Java code, j=interpreted, Vv=VM code, C=native code)
V  [jvm.dll+0x22eb79]


siginfo: EXCEPTION_ACCESS_VIOLATION (0xc0000005), reading address 0x00000187b7448170


Register to memory mapping:

RIP=0x00000000755beb79 jvm.dll
RAX=0x0000000000194040 is an unknown value
RBX=0x00000187b72b3628 is pointing into metadata
RCX=0x00000187b72b4130 is pointing into metadata
RDX=0x000000000000ca01 is an unknown value
RSP=0x0000003a62cfeff8 is an unknown value
RBP=0x0000000000000001 is an unknown value
RSI=0x0000003a62cff2a0 is an unknown value
RDI=0x0000003a62cff2a0 is an unknown value
R8 =0x0000000000000000 is an unknown value
R9 =0x00000187b72b3628 is pointing into metadata
R10=0x00000187b6d73ca0 is an unknown value
R11=0x0000003a62cff060 is an unknown value
R12=0x0000000075b0d601 jvm.dll
R13=0x0000000000000000 is an unknown value
R14=0x0000000000000001 is an unknown value
R15=0x0000000000000000 is an unknown value


Registers:
RAX=0x0000000000194040, RBX=0x00000187b72b3628, RCX=0x00000187b72b4130, RDX=0x000000000000ca01
RSP=0x0000003a62cfeff8, RBP=0x0000000000000001, RSI=0x0000003a62cff2a0, RDI=0x0000003a62cff2a0
R8 =0x0000000000000000, R9 =0x00000187b72b3628, R10=0x00000187b6d73ca0, R11=0x0000003a62cff060
R12=0x0000000075b0d601, R13=0x0000000000000000, R14=0x0000000000000001, R15=0x0000000000000000
RIP=0x00000000755beb79, EFLAGS=0x0000000000010202

Top of Stack: (sp=0x0000003a62cfeff8)
0x0000003a62cfeff8:   00000000756ad813 0000003a62cf0400
0x0000003a62cff008:   0000003a62cff2a0 0000003a62cff100
0x0000003a62cff018:   0000000000000000 0000000000000000
0x0000003a62cff028:   00000000756b20f1 0000000000000000
0x0000003a62cff038:   00000000000000b1 000073495a56b280
0x0000003a62cff048:   0000000000000002 0000000000000000
0x0000003a62cff058:   0000003a62cff0f0 0000003a62cff2a0
0x0000003a62cff068:   00000000756afbc0 0000003a62cff2a0
0x0000003a62cff078:   0000000000000009 0000000000000001
0x0000003a62cff088:   0000003a62cff2a0 0000002600000009
0x0000003a62cff098:   000000b100000026 0000000000000000
0x0000003a62cff0a8:   0000000000000012 00000187b6d73bf0
0x0000003a62cff0b8:   00000000756b024e 0000003a62cff2a0
0x0000003a62cff0c8:   0000003a62cff120 0000000000000000
0x0000003a62cff0d8:   00000187b6d73bf0 0000000000006000
0x0000003a62cff0e8:   00000000756b20f1 00000187b72b4088 

Instructions: (pc=0x00000000755beb79)
0x00000000755beb59:   c2 48 ff c0 48 c1 e0 05 48 8b 04 08 0f b7 c0 41
0x00000000755beb69:   0f b7 44 c1 42 c3 48 63 c2 48 ff c0 48 c1 e0 05
0x00000000755beb79:   48 8b 04 08 0f b7 d0 48 63 c2 41 0f b7 44 c1 42
0x00000000755beb89:   c3 49 8b 41 08 48 63 ca 0f b6 44 08 04 3c 12 75 


VM_Operation (0x0000003a635ff510): GetOrSetLocal, mode: safepoint, requested by thread 0x00000187b7b31000


---------------  P R O C E S S  ---------------

Threads class SMR info:
_java_thread_list=0x00000187b7b642b0, length=14, elements={
0x0000018793af3000, 0x00000187b6de9800, 0x00000187b6dec000, 0x00000187b7793000,
0x00000187b6e05800, 0x00000187b6e06000, 0x00000187b77c4000, 0x00000187b77c9000,
0x00000187b7807800, 0x00000187b7b31000, 0x00000187b7abc000, 0x00000187b7cd0800,
0x00000187b7b38800, 0x00000187b7ae4000
}

Java Threads: ( => current thread )
  0x0000018793af3000 JavaThread "main" [_thread_blocked, id=6200, stack(0x0000003a62000000,0x0000003a62100000)]
  0x00000187b6de9800 JavaThread "Reference Handler" daemon [_thread_blocked, id=27940, stack(0x0000003a62d00000,0x0000003a62e00000)]
  0x00000187b6dec000 JavaThread "Finalizer" daemon [_thread_blocked, id=8288, stack(0x0000003a62e00000,0x0000003a62f00000)]
  0x00000187b7793000 JavaThread "Signal Dispatcher" daemon [_thread_blocked, id=6064, stack(0x0000003a62f00000,0x0000003a63000000)]
  0x00000187b6e05800 JavaThread "Attach Listener" daemon [_thread_blocked, id=18168, stack(0x0000003a63000000,0x0000003a63100000)]
  0x00000187b6e06000 JavaThread "C2 CompilerThread0" daemon [_thread_blocked, id=1216, stack(0x0000003a63100000,0x0000003a63200000)]
  0x00000187b77c4000 JavaThread "C2 CompilerThread1" daemon [_thread_blocked, id=18668, stack(0x0000003a63200000,0x0000003a63300000)]
  0x00000187b77c9000 JavaThread "C1 CompilerThread2" daemon [_thread_blocked, id=30528, stack(0x0000003a63300000,0x0000003a63400000)]
  0x00000187b7807800 JavaThread "Sweeper thread" daemon [_thread_blocked, id=28712, stack(0x0000003a63400000,0x0000003a63500000)]
  0x00000187b7b31000 JavaThread "JDWP Transport Listener: dt_socket" daemon [_thread_blocked, id=15504, stack(0x0000003a63500000,0x0000003a63600000)] _threads_hazard_ptr=0x00000187b7b642b0
  0x00000187b7abc000 JavaThread "JDWP Event Helper Thread" daemon [_thread_blocked, id=23832, stack(0x0000003a63600000,0x0000003a63700000)]
  0x00000187b7cd0800 JavaThread "JDWP Command Reader" daemon [_thread_in_native, id=5924, stack(0x0000003a63700000,0x0000003a63800000)]
  0x00000187b7b38800 JavaThread "Common-Cleaner" daemon [_thread_blocked, id=13556, stack(0x0000003a63800000,0x0000003a63900000)]
  0x00000187b7ae4000 JavaThread "Service Thread" daemon [_thread_blocked, id=4296, stack(0x0000003a63900000,0x0000003a63a00000)]

Other Threads:
=>0x00000187b6de6000 VMThread "VM Thread" [stack: 0x0000003a62c00000,0x0000003a62d00000] [id=28956]
  0x00000187b7ae5800 WatcherThread [stack: 0x0000003a63a00000,0x0000003a63b00000] [id=22220]
  0x0000018793b0c800 GCTaskThread "GC Thread#0" [stack: 0x0000003a62100000,0x0000003a62200000] [id=22840]
  0x0000018793b0f000 GCTaskThread "GC Thread#1" [stack: 0x0000003a62200000,0x0000003a62300000] [id=11628]
  0x0000018793b11000 GCTaskThread "GC Thread#2" [stack: 0x0000003a62300000,0x0000003a62400000] [id=26412]
  0x0000018793b12800 GCTaskThread "GC Thread#3" [stack: 0x0000003a62400000,0x0000003a62500000] [id=29728]
  0x0000018793b7e800 ConcurrentGCThread "G1 Main Marker" [stack: 0x0000003a62500000,0x0000003a62600000] [id=4764]
  0x0000018793b80000 ConcurrentGCThread "G1 Conc#0" [stack: 0x0000003a62600000,0x0000003a62700000] [id=20336]
  0x00000187b6c68800 ConcurrentGCThread "G1 Refine#0" [stack: 0x0000003a62700000,0x0000003a62800000] [id=25516]
  0x00000187b6c6d800 ConcurrentGCThread "G1 Refine#1" [stack: 0x0000003a62800000,0x0000003a62900000] [id=8816]
  0x00000187b6c6e800 ConcurrentGCThread "G1 Refine#2" [stack: 0x0000003a62900000,0x0000003a62a00000] [id=5832]
  0x00000187b6c71800 ConcurrentGCThread "G1 Refine#3" [stack: 0x0000003a62a00000,0x0000003a62b00000] [id=18084]
  0x00000187b6c72800 ConcurrentGCThread "G1 Young RemSet Sampling" [stack: 0x0000003a62b00000,0x0000003a62c00000] [id=28584]

Threads with active compile tasks:

VM state:at safepoint (normal execution)

VM Mutex/Monitor currently owned by a thread:  ([mutex/lock_event])
[0x0000018793af2770] Threads_lock - owner thread: 0x00000187b6de6000

Heap address: 0x0000000081c00000, size: 2020 MB, Compressed Oops mode: 32-bit
Narrow klass base: 0x0000000000000000, Narrow klass shift: 3
Compressed class space size: 1073741824 Address: 0x0000000100000000

Heap:
 garbage-first heap   total 131072K, used 2048K [0x0000000081c00000, 0x0000000100000000)
  region size 1024K, 3 young (3072K), 0 survivors (0K)
 Metaspace       used 5168K, capacity 5264K, committed 5376K, reserved 1056768K
  class space    used 436K, capacity 496K, committed 512K, reserved 1048576K
Heap Regions: E=young(eden), S=young(survivor), O=old, HS=humongous(starts), HC=humongous(continues), CS=collection set, F=free, A=archive, TS=gc time stamp, AC=allocation context, TAMS=top-at-mark-start (previous, next)
|   0|0x0000000081c00000, 0x0000000081c00000, 0x0000000081d00000|  0%| F|  |TS  0|AC  0|TAMS 0x0000000081c00000, 0x0000000081c00000|
|   1|0x0000000081d00000, 0x0000000081d00000, 0x0000000081e00000|  0%| F|  |TS  0|AC  0|TAMS 0x0000000081d00000, 0x0000000081d00000|
|   2|0x0000000081e00000, 0x0000000081e00000, 0x0000000081f00000|  0%| F|  |TS  0|AC  0|TAMS 0x0000000081e00000, 0x0000000081e00000|
|   3|0x0000000081f00000, 0x0000000081f00000, 0x0000000082000000|  0%| F|  |TS  0|AC  0|TAMS 0x0000000081f00000, 0x0000000081f00000|
|   4|0x0000000082000000, 0x0000000082000000, 0x0000000082100000|  0%| F|  |TS  0|AC  0|TAMS 0x0000000082000000, 0x0000000082000000|
|   5|0x0000000082100000, 0x0000000082100000, 0x0000000082200000|  0%| F|  |TS  0|AC  0|TAMS 0x0000000082100000, 0x0000000082100000|
|   6|0x0000000082200000, 0x0000000082200000, 0x0000000082300000|  0%| F|  |TS  0|AC  0|TAMS 0x0000000082200000, 0x0000000082200000|
|   7|0x0000000082300000, 0x0000000082300000, 0x0000000082400000|  0%| F|  |TS  0|AC  0|TAMS 0x0000000082300000, 0x0000000082300000|
|   8|0x0000000082400000, 0x0000000082400000, 0x0000000082500000|  0%| F|  |TS  0|AC  0|TAMS 0x0000000082400000, 0x0000000082400000|
|   9|0x0000000082500000, 0x0000000082500000, 0x0000000082600000|  0%| F|  |TS  0|AC  0|TAMS 0x0000000082500000, 0x0000000082500000|
|  10|0x0000000082600000, 0x0000000082600000, 0x0000000082700000|  0%| F|  |TS  0|AC  0|TAMS 0x0000000082600000, 0x0000000082600000|
|  11|0x0000000082700000, 0x0000000082700000, 0x0000000082800000|  0%| F|  |TS  0|AC  0|TAMS 0x0000000082700000, 0x0000000082700000|
|  12|0x0000000082800000, 0x0000000082800000, 0x0000000082900000|  0%| F|  |TS  0|AC  0|TAMS 0x0000000082800000, 0x0000000082800000|
|  13|0x0000000082900000, 0x0000000082900000, 0x0000000082a00000|  0%| F|  |TS  0|AC  0|TAMS 0x0000000082900000, 0x0000000082900000|
|  14|0x0000000082a00000, 0x0000000082a00000, 0x0000000082b00000|  0%| F|  |TS  0|AC  0|TAMS 0x0000000082a00000, 0x0000000082a00000|
|  15|0x0000000082b00000, 0x0000000082b00000, 0x0000000082c00000|  0%| F|  |TS  0|AC  0|TAMS 0x0000000082b00000, 0x0000000082b00000|
|  16|0x0000000082c00000, 0x0000000082c00000, 0x0000000082d00000|  0%| F|  |TS  0|AC  0|TAMS 0x0000000082c00000, 0x0000000082c00000|
|  17|0x0000000082d00000, 0x0000000082d00000, 0x0000000082e00000|  0%| F|  |TS  0|AC  0|TAMS 0x0000000082d00000, 0x0000000082d00000|
|  18|0x0000000082e00000, 0x0000000082e00000, 0x0000000082f00000|  0%| F|  |TS  0|AC  0|TAMS 0x0000000082e00000, 0x0000000082e00000|
|  19|0x0000000082f00000, 0x0000000082f00000, 0x0000000083000000|  0%| F|  |TS  0|AC  0|TAMS 0x0000000082f00000, 0x0000000082f00000|
|  20|0x0000000083000000, 0x0000000083000000, 0x0000000083100000|  0%| F|  |TS  0|AC  0|TAMS 0x0000000083000000, 0x0000000083000000|
|  21|0x0000000083100000, 0x0000000083100000, 0x0000000083200000|  0%| F|  |TS  0|AC  0|TAMS 0x0000000083100000, 0x0000000083100000|
|  22|0x0000000083200000, 0x0000000083200000, 0x0000000083300000|  0%| F|  |TS  0|AC  0|TAMS 0x0000000083200000, 0x0000000083200000|
|  23|0x0000000083300000, 0x0000000083300000, 0x0000000083400000|  0%| F|  |TS  0|AC  0|TAMS 0x0000000083300000, 0x0000000083300000|
|  24|0x0000000083400000, 0x0000000083400000, 0x0000000083500000|  0%| F|  |TS  0|AC  0|TAMS 0x0000000083400000, 0x0000000083400000|
|  25|0x0000000083500000, 0x0000000083500000, 0x0000000083600000|  0%| F|  |TS  0|AC  0|TAMS 0x0000000083500000, 0x0000000083500000|
|  26|0x0000000083600000, 0x0000000083600000, 0x0000000083700000|  0%| F|  |TS  0|AC  0|TAMS 0x0000000083600000, 0x0000000083600000|
|  27|0x0000000083700000, 0x0000000083700000, 0x0000000083800000|  0%| F|  |TS  0|AC  0|TAMS 0x0000000083700000, 0x0000000083700000|
|  28|0x0000000083800000, 0x0000000083800000, 0x0000000083900000|  0%| F|  |TS  0|AC  0|TAMS 0x0000000083800000, 0x0000000083800000|
|  29|0x0000000083900000, 0x0000000083900000, 0x0000000083a00000|  0%| F|  |TS  0|AC  0|TAMS 0x0000000083900000, 0x0000000083900000|
|  30|0x0000000083a00000, 0x0000000083a00000, 0x0000000083b00000|  0%| F|  |TS  0|AC  0|TAMS 0x0000000083a00000, 0x0000000083a00000|
|  31|0x0000000083b00000, 0x0000000083b00000, 0x0000000083c00000|  0%| F|  |TS  0|AC  0|TAMS 0x0000000083b00000, 0x0000000083b00000|
|  32|0x0000000083c00000, 0x0000000083c00000, 0x0000000083d00000|  0%| F|  |TS  0|AC  0|TAMS 0x0000000083c00000, 0x0000000083c00000|
|  33|0x0000000083d00000, 0x0000000083d00000, 0x0000000083e00000|  0%| F|  |TS  0|AC  0|TAMS 0x0000000083d00000, 0x0000000083d00000|
|  34|0x0000000083e00000, 0x0000000083e00000, 0x0000000083f00000|  0%| F|  |TS  0|AC  0|TAMS 0x0000000083e00000, 0x0000000083e00000|
|  35|0x0000000083f00000, 0x0000000083f00000, 0x0000000084000000|  0%| F|  |TS  0|AC  0|TAMS 0x0000000083f00000, 0x0000000083f00000|
|  36|0x0000000084000000, 0x0000000084000000, 0x0000000084100000|  0%| F|  |TS  0|AC  0|TAMS 0x0000000084000000, 0x0000000084000000|
|  37|0x0000000084100000, 0x0000000084100000, 0x0000000084200000|  0%| F|  |TS  0|AC  0|TAMS 0x0000000084100000, 0x0000000084100000|
|  38|0x0000000084200000, 0x0000000084200000, 0x0000000084300000|  0%| F|  |TS  0|AC  0|TAMS 0x0000000084200000, 0x0000000084200000|
|  39|0x0000000084300000, 0x0000000084300000, 0x0000000084400000|  0%| F|  |TS  0|AC  0|TAMS 0x0000000084300000, 0x0000000084300000|
|  40|0x0000000084400000, 0x0000000084400000, 0x0000000084500000|  0%| F|  |TS  0|AC  0|TAMS 0x0000000084400000, 0x0000000084400000|
|  41|0x0000000084500000, 0x0000000084500000, 0x0000000084600000|  0%| F|  |TS  0|AC  0|TAMS 0x0000000084500000, 0x0000000084500000|
|  42|0x0000000084600000, 0x0000000084600000, 0x0000000084700000|  0%| F|  |TS  0|AC  0|TAMS 0x0000000084600000, 0x0000000084600000|
|  43|0x0000000084700000, 0x0000000084700000, 0x0000000084800000|  0%| F|  |TS  0|AC  0|TAMS 0x0000000084700000, 0x0000000084700000|
|  44|0x0000000084800000, 0x0000000084800000, 0x0000000084900000|  0%| F|  |TS  0|AC  0|TAMS 0x0000000084800000, 0x0000000084800000|
|  45|0x0000000084900000, 0x0000000084900000, 0x0000000084a00000|  0%| F|  |TS  0|AC  0|TAMS 0x0000000084900000, 0x0000000084900000|
|  46|0x0000000084a00000, 0x0000000084a00000, 0x0000000084b00000|  0%| F|  |TS  0|AC  0|TAMS 0x0000000084a00000, 0x0000000084a00000|
|  47|0x0000000084b00000, 0x0000000084b00000, 0x0000000084c00000|  0%| F|  |TS  0|AC  0|TAMS 0x0000000084b00000, 0x0000000084b00000|
|  48|0x0000000084c00000, 0x0000000084c00000, 0x0000000084d00000|  0%| F|  |TS  0|AC  0|TAMS 0x0000000084c00000, 0x0000000084c00000|
|  49|0x0000000084d00000, 0x0000000084d00000, 0x0000000084e00000|  0%| F|  |TS  0|AC  0|TAMS 0x0000000084d00000, 0x0000000084d00000|
|  50|0x0000000084e00000, 0x0000000084e00000, 0x0000000084f00000|  0%| F|  |TS  0|AC  0|TAMS 0x0000000084e00000, 0x0000000084e00000|
|  51|0x0000000084f00000, 0x0000000084f00000, 0x0000000085000000|  0%| F|  |TS  0|AC  0|TAMS 0x0000000084f00000, 0x0000000084f00000|
|  52|0x0000000085000000, 0x0000000085000000, 0x0000000085100000|  0%| F|  |TS  0|AC  0|TAMS 0x0000000085000000, 0x0000000085000000|
|  53|0x0000000085100000, 0x0000000085100000, 0x0000000085200000|  0%| F|  |TS  0|AC  0|TAMS 0x0000000085100000, 0x0000000085100000|
|  54|0x0000000085200000, 0x0000000085200000, 0x0000000085300000|  0%| F|  |TS  0|AC  0|TAMS 0x0000000085200000, 0x0000000085200000|
|  55|0x0000000085300000, 0x0000000085300000, 0x0000000085400000|  0%| F|  |TS  0|AC  0|TAMS 0x0000000085300000, 0x0000000085300000|
|  56|0x0000000085400000, 0x0000000085400000, 0x0000000085500000|  0%| F|  |TS  0|AC  0|TAMS 0x0000000085400000, 0x0000000085400000|
|  57|0x0000000085500000, 0x0000000085500000, 0x0000000085600000|  0%| F|  |TS  0|AC  0|TAMS 0x0000000085500000, 0x0000000085500000|
|  58|0x0000000085600000, 0x0000000085600000, 0x0000000085700000|  0%| F|  |TS  0|AC  0|TAMS 0x0000000085600000, 0x0000000085600000|
|  59|0x0000000085700000, 0x0000000085700000, 0x0000000085800000|  0%| F|  |TS  0|AC  0|TAMS 0x0000000085700000, 0x0000000085700000|
|  60|0x0000000085800000, 0x0000000085800000, 0x0000000085900000|  0%| F|  |TS  0|AC  0|TAMS 0x0000000085800000, 0x0000000085800000|
|  61|0x0000000085900000, 0x0000000085900000, 0x0000000085a00000|  0%| F|  |TS  0|AC  0|TAMS 0x0000000085900000, 0x0000000085900000|
|  62|0x0000000085a00000, 0x0000000085a00000, 0x0000000085b00000|  0%| F|  |TS  0|AC  0|TAMS 0x0000000085a00000, 0x0000000085a00000|
|  63|0x0000000085b00000, 0x0000000085b00000, 0x0000000085c00000|  0%| F|  |TS  0|AC  0|TAMS 0x0000000085b00000, 0x0000000085b00000|
|  64|0x0000000085c00000, 0x0000000085c00000, 0x0000000085d00000|  0%| F|  |TS  0|AC  0|TAMS 0x0000000085c00000, 0x0000000085c00000|
|  65|0x0000000085d00000, 0x0000000085d00000, 0x0000000085e00000|  0%| F|  |TS  0|AC  0|TAMS 0x0000000085d00000, 0x0000000085d00000|
|  66|0x0000000085e00000, 0x0000000085e00000, 0x0000000085f00000|  0%| F|  |TS  0|AC  0|TAMS 0x0000000085e00000, 0x0000000085e00000|
|  67|0x0000000085f00000, 0x0000000085f00000, 0x0000000086000000|  0%| F|  |TS  0|AC  0|TAMS 0x0000000085f00000, 0x0000000085f00000|
|  68|0x0000000086000000, 0x0000000086000000, 0x0000000086100000|  0%| F|  |TS  0|AC  0|TAMS 0x0000000086000000, 0x0000000086000000|
|  69|0x0000000086100000, 0x0000000086100000, 0x0000000086200000|  0%| F|  |TS  0|AC  0|TAMS 0x0000000086100000, 0x0000000086100000|
|  70|0x0000000086200000, 0x0000000086200000, 0x0000000086300000|  0%| F|  |TS  0|AC  0|TAMS 0x0000000086200000, 0x0000000086200000|
|  71|0x0000000086300000, 0x0000000086300000, 0x0000000086400000|  0%| F|  |TS  0|AC  0|TAMS 0x0000000086300000, 0x0000000086300000|
|  72|0x0000000086400000, 0x0000000086400000, 0x0000000086500000|  0%| F|  |TS  0|AC  0|TAMS 0x0000000086400000, 0x0000000086400000|
|  73|0x0000000086500000, 0x0000000086500000, 0x0000000086600000|  0%| F|  |TS  0|AC  0|TAMS 0x0000000086500000, 0x0000000086500000|
|  74|0x0000000086600000, 0x0000000086600000, 0x0000000086700000|  0%| F|  |TS  0|AC  0|TAMS 0x0000000086600000, 0x0000000086600000|
|  75|0x0000000086700000, 0x0000000086700000, 0x0000000086800000|  0%| F|  |TS  0|AC  0|TAMS 0x0000000086700000, 0x0000000086700000|
|  76|0x0000000086800000, 0x0000000086800000, 0x0000000086900000|  0%| F|  |TS  0|AC  0|TAMS 0x0000000086800000, 0x0000000086800000|
|  77|0x0000000086900000, 0x0000000086900000, 0x0000000086a00000|  0%| F|  |TS  0|AC  0|TAMS 0x0000000086900000, 0x0000000086900000|
|  78|0x0000000086a00000, 0x0000000086a00000, 0x0000000086b00000|  0%| F|  |TS  0|AC  0|TAMS 0x0000000086a00000, 0x0000000086a00000|
|  79|0x0000000086b00000, 0x0000000086b00000, 0x0000000086c00000|  0%| F|  |TS  0|AC  0|TAMS 0x0000000086b00000, 0x0000000086b00000|
|  80|0x0000000086c00000, 0x0000000086c00000, 0x0000000086d00000|  0%| F|  |TS  0|AC  0|TAMS 0x0000000086c00000, 0x0000000086c00000|
|  81|0x0000000086d00000, 0x0000000086d00000, 0x0000000086e00000|  0%| F|  |TS  0|AC  0|TAMS 0x0000000086d00000, 0x0000000086d00000|
|  82|0x0000000086e00000, 0x0000000086e00000, 0x0000000086f00000|  0%| F|  |TS  0|AC  0|TAMS 0x0000000086e00000, 0x0000000086e00000|
|  83|0x0000000086f00000, 0x0000000086f00000, 0x0000000087000000|  0%| F|  |TS  0|AC  0|TAMS 0x0000000086f00000, 0x0000000086f00000|
|  84|0x0000000087000000, 0x0000000087000000, 0x0000000087100000|  0%| F|  |TS  0|AC  0|TAMS 0x0000000087000000, 0x0000000087000000|
|  85|0x0000000087100000, 0x0000000087100000, 0x0000000087200000|  0%| F|  |TS  0|AC  0|TAMS 0x0000000087100000, 0x0000000087100000|
|  86|0x0000000087200000, 0x0000000087200000, 0x0000000087300000|  0%| F|  |TS  0|AC  0|TAMS 0x0000000087200000, 0x0000000087200000|
|  87|0x0000000087300000, 0x0000000087300000, 0x0000000087400000|  0%| F|  |TS  0|AC  0|TAMS 0x0000000087300000, 0x0000000087300000|
|  88|0x0000000087400000, 0x0000000087400000, 0x0000000087500000|  0%| F|  |TS  0|AC  0|TAMS 0x0000000087400000, 0x0000000087400000|
|  89|0x0000000087500000, 0x0000000087500000, 0x0000000087600000|  0%| F|  |TS  0|AC  0|TAMS 0x0000000087500000, 0x0000000087500000|
|  90|0x0000000087600000, 0x0000000087600000, 0x0000000087700000|  0%| F|  |TS  0|AC  0|TAMS 0x0000000087600000, 0x0000000087600000|
|  91|0x0000000087700000, 0x0000000087700000, 0x0000000087800000|  0%| F|  |TS  0|AC  0|TAMS 0x0000000087700000, 0x0000000087700000|
|  92|0x0000000087800000, 0x0000000087800000, 0x0000000087900000|  0%| F|  |TS  0|AC  0|TAMS 0x0000000087800000, 0x0000000087800000|
|  93|0x0000000087900000, 0x0000000087900000, 0x0000000087a00000|  0%| F|  |TS  0|AC  0|TAMS 0x0000000087900000, 0x0000000087900000|
|  94|0x0000000087a00000, 0x0000000087a00000, 0x0000000087b00000|  0%| F|  |TS  0|AC  0|TAMS 0x0000000087a00000, 0x0000000087a00000|
|  95|0x0000000087b00000, 0x0000000087b00000, 0x0000000087c00000|  0%| F|  |TS  0|AC  0|TAMS 0x0000000087b00000, 0x0000000087b00000|
|  96|0x0000000087c00000, 0x0000000087c00000, 0x0000000087d00000|  0%| F|  |TS  0|AC  0|TAMS 0x0000000087c00000, 0x0000000087c00000|
|  97|0x0000000087d00000, 0x0000000087d00000, 0x0000000087e00000|  0%| F|  |TS  0|AC  0|TAMS 0x0000000087d00000, 0x0000000087d00000|
|  98|0x0000000087e00000, 0x0000000087e00000, 0x0000000087f00000|  0%| F|  |TS  0|AC  0|TAMS 0x0000000087e00000, 0x0000000087e00000|
|  99|0x0000000087f00000, 0x0000000087f00000, 0x0000000088000000|  0%| F|  |TS  0|AC  0|TAMS 0x0000000087f00000, 0x0000000087f00000|
| 100|0x0000000088000000, 0x0000000088000000, 0x0000000088100000|  0%| F|  |TS  0|AC  0|TAMS 0x0000000088000000, 0x0000000088000000|
| 101|0x0000000088100000, 0x0000000088100000, 0x0000000088200000|  0%| F|  |TS  0|AC  0|TAMS 0x0000000088100000, 0x0000000088100000|
| 102|0x0000000088200000, 0x0000000088200000, 0x0000000088300000|  0%| F|  |TS  0|AC  0|TAMS 0x0000000088200000, 0x0000000088200000|
| 103|0x0000000088300000, 0x0000000088300000, 0x0000000088400000|  0%| F|  |TS  0|AC  0|TAMS 0x0000000088300000, 0x0000000088300000|
| 104|0x0000000088400000, 0x0000000088400000, 0x0000000088500000|  0%| F|  |TS  0|AC  0|TAMS 0x0000000088400000, 0x0000000088400000|
| 105|0x0000000088500000, 0x0000000088500000, 0x0000000088600000|  0%| F|  |TS  0|AC  0|TAMS 0x0000000088500000, 0x0000000088500000|
| 106|0x0000000088600000, 0x0000000088600000, 0x0000000088700000|  0%| F|  |TS  0|AC  0|TAMS 0x0000000088600000, 0x0000000088600000|
| 107|0x0000000088700000, 0x0000000088700000, 0x0000000088800000|  0%| F|  |TS  0|AC  0|TAMS 0x0000000088700000, 0x0000000088700000|
| 108|0x0000000088800000, 0x0000000088800000, 0x0000000088900000|  0%| F|  |TS  0|AC  0|TAMS 0x0000000088800000, 0x0000000088800000|
| 109|0x0000000088900000, 0x0000000088900000, 0x0000000088a00000|  0%| F|  |TS  0|AC  0|TAMS 0x0000000088900000, 0x0000000088900000|
| 110|0x0000000088a00000, 0x0000000088a00000, 0x0000000088b00000|  0%| F|  |TS  0|AC  0|TAMS 0x0000000088a00000, 0x0000000088a00000|
| 111|0x0000000088b00000, 0x0000000088b00000, 0x0000000088c00000|  0%| F|  |TS  0|AC  0|TAMS 0x0000000088b00000, 0x0000000088b00000|
| 112|0x0000000088c00000, 0x0000000088c00000, 0x0000000088d00000|  0%| F|  |TS  0|AC  0|TAMS 0x0000000088c00000, 0x0000000088c00000|
| 113|0x0000000088d00000, 0x0000000088d00000, 0x0000000088e00000|  0%| F|  |TS  0|AC  0|TAMS 0x0000000088d00000, 0x0000000088d00000|
| 114|0x0000000088e00000, 0x0000000088e00000, 0x0000000088f00000|  0%| F|  |TS  0|AC  0|TAMS 0x0000000088e00000, 0x0000000088e00000|
| 115|0x0000000088f00000, 0x0000000088f00000, 0x0000000089000000|  0%| F|  |TS  0|AC  0|TAMS 0x0000000088f00000, 0x0000000088f00000|
| 116|0x0000000089000000, 0x0000000089000000, 0x0000000089100000|  0%| F|  |TS  0|AC  0|TAMS 0x0000000089000000, 0x0000000089000000|
| 117|0x0000000089100000, 0x0000000089100000, 0x0000000089200000|  0%| F|  |TS  0|AC  0|TAMS 0x0000000089100000, 0x0000000089100000|
| 118|0x0000000089200000, 0x0000000089200000, 0x0000000089300000|  0%| F|  |TS  0|AC  0|TAMS 0x0000000089200000, 0x0000000089200000|
| 119|0x0000000089300000, 0x0000000089300000, 0x0000000089400000|  0%| F|  |TS  0|AC  0|TAMS 0x0000000089300000, 0x0000000089300000|
| 120|0x0000000089400000, 0x0000000089400000, 0x0000000089500000|  0%| F|  |TS  0|AC  0|TAMS 0x0000000089400000, 0x0000000089400000|
| 121|0x0000000089500000, 0x0000000089500000, 0x0000000089600000|  0%| F|  |TS  0|AC  0|TAMS 0x0000000089500000, 0x0000000089500000|
| 122|0x0000000089600000, 0x0000000089600000, 0x0000000089700000|  0%| F|  |TS  0|AC  0|TAMS 0x0000000089600000, 0x0000000089600000|
| 123|0x0000000089700000, 0x0000000089700000, 0x0000000089800000|  0%| F|  |TS  0|AC  0|TAMS 0x0000000089700000, 0x0000000089700000|
| 124|0x0000000089800000, 0x0000000089800000, 0x0000000089900000|  0%| F|  |TS  0|AC  0|TAMS 0x0000000089800000, 0x0000000089800000|
| 125|0x0000000089900000, 0x000000008998fe78, 0x0000000089a00000| 56%| E|  |TS  0|AC  0|TAMS 0x0000000089900000, 0x0000000089900000|
| 126|0x0000000089a00000, 0x0000000089b00000, 0x0000000089b00000|100%| E|CS|TS  0|AC  0|TAMS 0x0000000089a00000, 0x0000000089a00000|
| 127|0x0000000089b00000, 0x0000000089c00000, 0x0000000089c00000|100%| E|CS|TS  0|AC  0|TAMS 0x0000000089b00000, 0x0000000089b00000|

Card table byte_map: [0x00000187b00d0000,0x00000187b04d0000] byte_map_base: 0x00000187afcc2000

Marking Bits (Prev, Next): (CMBitMap*) 0x0000018793b7dce0, (CMBitMap*) 0x0000018793b7dd18
 Prev Bits: [0x00000187b08d0000, 0x00000187b2860000)
 Next Bits: [0x00000187b2860000, 0x00000187b47f0000)

Polling page: 0x0000018793950000

CodeHeap 'non-profiled nmethods': size=120064Kb used=72Kb max_used=72Kb free=119991Kb
 bounds [0x00000187a8170000, 0x00000187a83e0000, 0x00000187af6b0000]
CodeHeap 'profiled nmethods': size=120000Kb used=280Kb max_used=280Kb free=119719Kb
 bounds [0x00000187a0c40000, 0x00000187a0eb0000, 0x00000187a8170000]
CodeHeap 'non-nmethods': size=5696Kb used=1099Kb max_used=1110Kb free=4597Kb
 bounds [0x00000187a06b0000, 0x00000187a0920000, 0x00000187a0c40000]
 total_blobs=588 nmethods=216 adapters=207
 compilation: enabled

Compilation events (10 events):
Event: 0.309 Thread 0x00000187b77c9000  211       3       java.lang.String::getBytes (44 bytes)
Event: 0.310 Thread 0x00000187b77c9000 nmethod 211 0x00000187a0c84310 code [0x00000187a0c84500, 0x00000187a0c848c0]
Event: 0.347 Thread 0x00000187b77c9000  212       3       java.lang.String::charAt (25 bytes)
Event: 0.347 Thread 0x00000187b6e06000  213       4       java.lang.String::isLatin1 (19 bytes)
Event: 0.348 Thread 0x00000187b77c9000 nmethod 212 0x00000187a0c84a90 code [0x00000187a0c84ca0, 0x00000187a0c85220]
Event: 0.348 Thread 0x00000187b6e06000 nmethod 213 0x00000187a8181b10 code [0x00000187a8181ca0, 0x00000187a8181d18]
Event: 0.350 Thread 0x00000187b77c9000  214       3       java.lang.AbstractStringBuilder::<init> (39 bytes)
Event: 0.350 Thread 0x00000187b77c9000 nmethod 214 0x00000187a0c85490 code [0x00000187a0c85660, 0x00000187a0c85938]
Event: 0.350 Thread 0x00000187b77c9000  215       3       java.lang.StringBuilder::toString (35 bytes)
Event: 0.350 Thread 0x00000187b77c9000 nmethod 215 0x00000187a0c85a10 code [0x00000187a0c85c00, 0x00000187a0c86120]

GC Heap History (0 events):
No events

Deoptimization events (2 events):
Event: 0.237 Thread 0x0000018793af3000 Uncommon trap: reason=unstable_if action=reinterpret pc=0x00000187a8173808 method=java.lang.String.hashCode()I @ 14 c2
Event: 0.346 Thread 0x0000018793af3000 Uncommon trap: reason=unstable_if action=reinterpret pc=0x00000187a81814fc method=java.lang.String.charAt(I)C @ 4 c2

Classes redefined (2 events):
Event: 367.775 Thread 0x00000187b6de6000 redefined class name=BinaryTree, count=1
Event: 518.329 Thread 0x00000187b6de6000 redefined class name=BinaryTree, count=2

Internal exceptions (0 events):
No events

Events (10 events):
Event: 518.353 Executing VM operation: GetFrameLocation done
Event: 518.353 Executing VM operation: GetFrameLocation
Event: 518.353 Executing VM operation: GetFrameLocation done
Event: 518.353 Executing VM operation: GetOrSetLocal
Event: 518.354 Executing VM operation: GetOrSetLocal done
Event: 518.354 Executing VM operation: GetFrameCount
Event: 518.354 Executing VM operation: GetFrameCount done
Event: 518.354 Executing VM operation: GetFrameLocation
Event: 518.354 Executing VM operation: GetFrameLocation done
Event: 518.361 Executing VM operation: GetOrSetLocal


Dynamic libraries:
0x00007ff763390000 - 0x00007ff7633ce000 	C:\lehrnen\fh\Java\jdk-10\bin\java.exe
0x00007ffc9f7e0000 - 0x00007ffc9f9c1000 	C:\WINDOWS\SYSTEM32\ntdll.dll
0x00007ffc9dbb0000 - 0x00007ffc9dc62000 	C:\WINDOWS\System32\KERNEL32.DLL
0x00007ffc9c4c0000 - 0x00007ffc9c733000 	C:\WINDOWS\System32\KERNELBASE.dll
0x00007ffc9d820000 - 0x00007ffc9d8c1000 	C:\WINDOWS\System32\ADVAPI32.dll
0x00007ffc9de50000 - 0x00007ffc9deee000 	C:\WINDOWS\System32\msvcrt.dll
0x00007ffc9d5d0000 - 0x00007ffc9d62b000 	C:\WINDOWS\System32\sechost.dll
0x00007ffc9f660000 - 0x00007ffc9f784000 	C:\WINDOWS\System32\RPCRT4.dll
0x00007ffc9d8d0000 - 0x00007ffc9da60000 	C:\WINDOWS\System32\USER32.dll
0x00007ffc9c420000 - 0x00007ffc9c440000 	C:\WINDOWS\System32\win32u.dll
0x00007ffc9d7f0000 - 0x00007ffc9d818000 	C:\WINDOWS\System32\GDI32.dll
0x00007ffc9cad0000 - 0x00007ffc9cc62000 	C:\WINDOWS\System32\gdi32full.dll
0x00007ffc9c840000 - 0x00007ffc9c8df000 	C:\WINDOWS\System32\msvcp_win.dll
0x00007ffc9c740000 - 0x00007ffc9c83a000 	C:\WINDOWS\System32\ucrtbase.dll
0x00007ffc883d0000 - 0x00007ffc88639000 	C:\WINDOWS\WinSxS\amd64_microsoft.windows.common-controls_6595b64144ccf1df_6.0.17134.407_none_fb449d63306391e9\COMCTL32.dll
0x00007ffc9def0000 - 0x00007ffc9e212000 	C:\WINDOWS\System32\combase.dll
0x00007ffc9ad90000 - 0x00007ffc9ad9a000 	C:\WINDOWS\SYSTEM32\VERSION.dll
0x00007ffc9c440000 - 0x00007ffc9c4ba000 	C:\WINDOWS\System32\bcryptPrimitives.dll
0x00007ffc9dc70000 - 0x00007ffc9dc9d000 	C:\WINDOWS\System32\IMM32.DLL
0x00007ffc59c90000 - 0x00007ffc59d7f000 	C:\lehrnen\fh\Java\jdk-10\bin\msvcr120.dll
0x00007ffc59460000 - 0x00007ffc59506000 	C:\lehrnen\fh\Java\jdk-10\bin\msvcp120.dll
0x0000000075390000 - 0x0000000075dff000 	C:\lehrnen\fh\Java\jdk-10\bin\server\jvm.dll
0x00007ffc9cc70000 - 0x00007ffc9cc78000 	C:\WINDOWS\System32\PSAPI.DLL
0x00007ffc86a30000 - 0x00007ffc86a39000 	C:\WINDOWS\SYSTEM32\WSOCK32.dll
0x00007ffc9da60000 - 0x00007ffc9dacc000 	C:\WINDOWS\System32\WS2_32.dll
0x00007ffc99090000 - 0x00007ffc990b3000 	C:\WINDOWS\SYSTEM32\WINMM.dll
0x00007ffc99060000 - 0x00007ffc9908a000 	C:\WINDOWS\SYSTEM32\WINMMBASE.dll
0x00007ffc9bbb0000 - 0x00007ffc9bbf9000 	C:\WINDOWS\System32\cfgmgr32.dll
0x00007ffc977e0000 - 0x00007ffc977ef000 	C:\lehrnen\fh\Java\jdk-10\bin\verify.dll
0x00007ffc9a440000 - 0x00007ffc9a609000 	C:\WINDOWS\SYSTEM32\DBGHELP.DLL
0x00007ffc93ae0000 - 0x00007ffc93b09000 	C:\WINDOWS\SYSTEM32\dbgcore.DLL
0x00007ffc867d0000 - 0x00007ffc867f7000 	C:\lehrnen\fh\Java\jdk-10\bin\java.dll
0x00007ffc5f380000 - 0x00007ffc5f3b6000 	C:\lehrnen\fh\Java\jdk-10\bin\jdwp.dll
0x00007ffc60380000 - 0x00007ffc603aa000 	C:\lehrnen\fh\Java\jdk-10\bin\instrument.dll
0x00007ffc96f00000 - 0x00007ffc96f16000 	C:\lehrnen\fh\Java\jdk-10\bin\zip.dll
0x00007ffc977d0000 - 0x00007ffc977da000 	C:\lehrnen\fh\Java\jdk-10\bin\jimage.dll
0x00007ffc9e220000 - 0x00007ffc9f65f000 	C:\WINDOWS\System32\SHELL32.dll
0x00007ffc9dd90000 - 0x00007ffc9de39000 	C:\WINDOWS\System32\shcore.dll
0x00007ffc9bcb0000 - 0x00007ffc9c3bd000 	C:\WINDOWS\System32\windows.storage.dll
0x00007ffc9d310000 - 0x00007ffc9d361000 	C:\WINDOWS\System32\shlwapi.dll
0x00007ffc9bb70000 - 0x00007ffc9bb81000 	C:\WINDOWS\System32\kernel.appcore.dll
0x00007ffc9bb00000 - 0x00007ffc9bb1f000 	C:\WINDOWS\System32\profapi.dll
0x00007ffc9bb20000 - 0x00007ffc9bb6c000 	C:\WINDOWS\System32\powrprof.dll
0x00007ffc9baf0000 - 0x00007ffc9bafa000 	C:\WINDOWS\System32\FLTLIB.DLL
0x00007ffc96ec0000 - 0x00007ffc96eca000 	C:\lehrnen\fh\Java\jdk-10\bin\dt_socket.dll
0x00007ffc9b370000 - 0x00007ffc9b3d6000 	C:\WINDOWS\system32\mswsock.dll
0x00007ffc86500000 - 0x00007ffc8651a000 	C:\lehrnen\fh\Java\jdk-10\bin\net.dll
0x00007ffc96f30000 - 0x00007ffc9700c000 	C:\WINDOWS\SYSTEM32\WINHTTP.dll
0x00007ffc7c010000 - 0x00007ffc7c021000 	C:\lehrnen\fh\Java\jdk-10\bin\nio.dll

dbghelp: loaded successfully - version: 4.0.5 - missing functions: none
symbol engine: initialized successfully - sym options: 0x614 - pdb path: .;C:\lehrnen\fh\Java\jdk-10\bin;C:\WINDOWS\SYSTEM32;C:\WINDOWS\WinSxS\amd64_microsoft.windows.common-controls_6595b64144ccf1df_6.0.17134.407_none_fb449d63306391e9;C:\lehrnen\fh\Java\jdk-10\bin\server

VM Arguments:
jvm_args: -agentlib:jdwp=transport=dt_socket,address=127.0.0.1:63686,suspend=y,server=n -javaagent:C:\Users\emanu\.IdeaIC2018.1\system\captureAgent\debugger-agent.jar=file:/C:/Users/emanu/AppData/Local/Temp/capture.props -Dfile.encoding=UTF-8 
java_command: main
java_class_path (initial): C:\Users\emanu\Desktop\UebungenSemester3\Semester3assignments\ad\black-red-tree-impl\out\production\black-red-tree-impl;C:\lehrnen\fh\intellij\IntelliJ IDEA Community Edition 2018.1.2\lib\idea_rt.jar
Launcher Type: SUN_STANDARD

Logging:
Log output configuration:
#0: stdout all=warning uptime,level,tags
#1: stderr all=off uptime,level,tags

Environment Variables:
PATH=C:\Program Files (x86)\Intel\iCLS Client\;C:\Python27\;C:\Python27\Scripts;C:\ProgramData\Oracle\Java\javapath;C:\Program Files\Intel\iCLS Client\;C:\WINDOWS\system32;C:\WINDOWS;C:\WINDOWS\System32\Wbem;C:\WINDOWS\System32\WindowsPowerShell\v1.0\;C:\Program Files\dotnet\;C:\WINDOWS\System32\OpenSSH\;C:\Program Files\Microsoft VS Code\bin;C:\fh\git\Git\cmd;C:\fh\git\Git\mingw64\bin;C:\fh\git\Git\usr\bin;C:\Program Files (x86)\Microsoft SQL Server\Client SDK\ODBC\130\Tools\Binn\;C:\Program Files (x86)\Microsoft SQL Server\140\Tools\Binn\;C:\Program Files (x86)\Microsoft SQL Server\140\DTS\Binn\;C:\Program Files (x86)\Microsoft SQL Server\140\Tools\Binn\ManagementStudio\;C:\Program Files (x86)\Intel\Intel(R) Management Engine Components\DAL;C:\Program Files\Intel\Intel(R) Management Engine Components\DAL;C:\Program Files (x86)\Intel\Intel(R) Management Engine Components\IPT;C:\Program Files\Intel\Intel(R) Management Engine Components\IPT;c:\Program Files (x86)\Microsoft SQL Server\110\Tools\Binn\;c:\Program Files\Microsoft SQL Server\110\Tools\Binn\;c:\Program Files\Microsoft SQL Server\110\DTS\Binn\;C:\Program Files\Microsoft SQL Server\Client SDK\ODBC\130\Tools\Binn\;C:\Program Files\Microsoft SQL Server\140\Tools\Binn\;C:\Program Files\Microsoft SQL Server\140\DTS\Binn\;C:\Program Files (x86)\node\;C:\Users\emanu\AppData\Local\Microsoft\WindowsApps;C:\Users\emanu\AppData\Roaming\npm
USERNAME=emanu
OS=Windows_NT
PROCESSOR_IDENTIFIER=Intel64 Family 6 Model 142 Stepping 9, GenuineIntel



---------------  S Y S T E M  ---------------

OS: Windows 10 , 64 bit Build 17134 (10.0.17134.1)

CPU:total 4 (initial active 4) (2 cores per cpu, 2 threads per core) family 6 model 142 stepping 9, cmov, cx8, fxsr, mmx, sse, sse2, sse3, ssse3, sse4.1, sse4.2, popcnt, avx, avx2, aes, clmul, erms, 3dnowpref, lzcnt, ht, tsc, tscinvbit, bmi1, bmi2, adx, fma

Memory: 4k page, physical 8273876k(2573356k free), swap 15876052k(3856056k free)

vm_info: Java HotSpot(TM) 64-Bit Server VM (10+46) for windows-amd64 JRE (10+46), built on Mar  8 2018 02:11:18 by "mach5one" with MS VC++ 12.0 (VS2013)

END.
